<?xml version="1.0" encoding="UTF-8"?>
<!-- Generated by org.testng.reporters.JUnitReportReporter -->
<testsuite skipped="0" hostname="DESKTOP-VL3HHHB" name="com.Test_Cases.AddItem_IntoCart_Test" tests="1" failures="0" timestamp="03 Mar 2020 18:29:07 GMT" time="0.021" errors="0">
  <testcase name="raj" time="0.021" classname="com.Test_Cases.AddItem_IntoCart_Test"/>
</testsuite> <!-- com.Test_Cases.AddItem_IntoCart_Test -->
