<?xml version="1.0" encoding="UTF-8"?>
<!-- Generated by org.testng.reporters.JUnitReportReporter -->
<testsuite skipped="0" hostname="DESKTOP-VL3HHHB" name="com.Test_Cases.Account_Creation_Test" tests="1" failures="0" timestamp="02 Mar 2020 18:29:13 GMT" time="29.037" errors="0">
  <testcase name="loginTest" time="29.037" classname="com.Test_Cases.Account_Creation_Test"/>
</testsuite> <!-- com.Test_Cases.Account_Creation_Test -->
